# JRE version: OpenJDK Runtime Environment (8.0_242-b01) (build 1.8.0_242-release-1644-b01)
# Java VM: OpenJDK 64-Bit Server VM (25.242-b01 mixed mode windows-amd64 compressed oops)
Heap:
 PSYoungGen      total 362496K, used 95837K [0x00000000e0000000, 0x0000000100000000, 0x0000000100000000)
  eden space 281600K, 5% used [0x00000000e0000000,0x00000000e0e9ae88,0x00000000f1300000)
  from space 80896K, 99% used [0x00000000f1300000,0x00000000f61fc5c8,0x00000000f6200000)
  to   space 113152K, 0% used [0x00000000f9180000,0x00000000f9180000,0x0000000100000000)
 ParOldGen       total 315392K, used 196869K [0x00000000a0000000, 0x00000000b3400000, 0x00000000e0000000)
  object space 315392K, 62% used [0x00000000a0000000,0x00000000ac0416c8,0x00000000b3400000)
 Metaspace       used 93094K, capacity 97202K, committed 97448K, reserved 1134592K
  class space    used 12171K, capacity 12945K, committed 12976K, reserved 1048576K
GC Heap History (10 events):
Event: 50.279 GC heap before
{Heap before GC invocations=21 (full 3):
 PSYoungGen      total 271360K, used 271343K [0x00000000e0000000, 0x00000000f6800000, 0x0000000100000000)
  eden space 242176K, 100% used [0x00000000e0000000,0x00000000eec80000,0x00000000eec80000)
  from space 29184K, 99% used [0x00000000eec80000,0x00000000f08fbe58,0x00000000f0900000)
  to   space 43520K, 0% used [0x00000000f3d80000,0x00000000f3d80000,0x00000000f6800000)
 ParOldGen       total 138240K, used 77727K [0x00000000a0000000, 0x00000000a8700000, 0x00000000e0000000)
  object space 138240K, 56% used [0x00000000a0000000,0x00000000a4be7ce0,0x00000000a8700000)
 Metaspace       used 86215K, capacity 90508K, committed 90664K, reserved 1128448K
  class space    used 11493K, capacity 12288K, committed 12336K, reserved 1048576K
Event: 50.506 GC heap after
Heap after GC invocations=21 (full 3):
 PSYoungGen      total 292864K, used 43493K [0x00000000e0000000, 0x00000000faf80000, 0x0000000100000000)
  eden space 249344K, 0% used [0x00000000e0000000,0x00000000e0000000,0x00000000ef380000)
  from space 43520K, 99% used [0x00000000f3d80000,0x00000000f67f9410,0x00000000f6800000)
  to   space 75776K, 0% used [0x00000000ef380000,0x00000000ef380000,0x00000000f3d80000)
 ParOldGen       total 146432K, used 146140K [0x00000000a0000000, 0x00000000a8f00000, 0x00000000e0000000)
  object space 146432K, 99% used [0x00000000a0000000,0x00000000a8eb7258,0x00000000a8f00000)
 Metaspace       used 86215K, capacity 90508K, committed 90664K, reserved 1128448K
  class space    used 11493K, capacity 12288K, committed 12336K, reserved 1048576K
}
Event: 50.506 GC heap before
{Heap before GC invocations=22 (full 4):
 PSYoungGen      total 292864K, used 43493K [0x00000000e0000000, 0x00000000faf80000, 0x0000000100000000)
  eden space 249344K, 0% used [0x00000000e0000000,0x00000000e0000000,0x00000000ef380000)
  from space 43520K, 99% used [0x00000000f3d80000,0x00000000f67f9410,0x00000000f6800000)
  to   space 75776K, 0% used [0x00000000ef380000,0x00000000ef380000,0x00000000f3d80000)
 ParOldGen       total 146432K, used 146140K [0x00000000a0000000, 0x00000000a8f00000, 0x00000000e0000000)
  object space 146432K, 99% used [0x00000000a0000000,0x00000000a8eb7258,0x00000000a8f00000)
 Metaspace       used 86215K, capacity 90508K, committed 90664K, reserved 1128448K
  class space    used 11493K, capacity 12288K, committed 12336K, reserved 1048576K
Event: 52.101 GC heap after
Heap after GC invocations=22 (full 4):
 PSYoungGen      total 292864K, used 19061K [0x00000000e0000000, 0x00000000faf80000, 0x0000000100000000)
  eden space 249344K, 0% used [0x00000000e0000000,0x00000000e0000000,0x00000000ef380000)
  from space 43520K, 43% used [0x00000000f3d80000,0x00000000f501d490,0x00000000f6800000)
  to   space 75776K, 0% used [0x00000000ef380000,0x00000000ef380000,0x00000000f3d80000)
 ParOldGen       total 315392K, used 146005K [0x00000000a0000000, 0x00000000b3400000, 0x00000000e0000000)
  object space 315392K, 46% used [0x00000000a0000000,0x00000000a8e955f8,0x00000000b3400000)
 Metaspace       used 85632K, capacity 89354K, committed 90664K, reserved 1128448K
  class space    used 11365K, capacity 12069K, committed 12336K, reserved 1048576K
}
Event: 75.017 GC heap before
{Heap before GC invocations=23 (full 4):
 PSYoungGen      total 292864K, used 268405K [0x00000000e0000000, 0x00000000faf80000, 0x0000000100000000)
  eden space 249344K, 100% used [0x00000000e0000000,0x00000000ef380000,0x00000000ef380000)
  from space 43520K, 43% used [0x00000000f3d80000,0x00000000f501d490,0x00000000f6800000)
  to   space 75776K, 0% used [0x00000000ef380000,0x00000000ef380000,0x00000000f3d80000)
 ParOldGen       total 315392K, used 146005K [0x00000000a0000000, 0x00000000b3400000, 0x00000000e0000000)
  object space 315392K, 46% used [0x00000000a0000000,0x00000000a8e955f8,0x00000000b3400000)
 Metaspace       used 92567K, capacity 96602K, committed 96936K, reserved 1132544K
  class space    used 12139K, capacity 12901K, committed 12976K, reserved 1048576K
Event: 75.115 GC heap after
Heap after GC invocations=23 (full 4):
 PSYoungGen      total 325120K, used 40257K [0x00000000e0000000, 0x00000000fac00000, 0x0000000100000000)
  eden space 249344K, 0% used [0x00000000e0000000,0x00000000e0000000,0x00000000ef380000)
  from space 75776K, 53% used [0x00000000ef380000,0x00000000f1ad06a8,0x00000000f3d80000)
  to   space 75776K, 0% used [0x00000000f6200000,0x00000000f6200000,0x00000000fac00000)
 ParOldGen       total 315392K, used 146037K [0x00000000a0000000, 0x00000000b3400000, 0x00000000e0000000)
  object space 315392K, 46% used [0x00000000a0000000,0x00000000a8e9d5f8,0x00000000b3400000)
 Metaspace       used 92567K, capacity 96602K, committed 96936K, reserved 1132544K
  class space    used 12139K, capacity 12901K, committed 12976K, reserved 1048576K
}
Event: 78.932 GC heap before
{Heap before GC invocations=24 (full 4):
 PSYoungGen      total 325120K, used 289601K [0x00000000e0000000, 0x00000000fac00000, 0x0000000100000000)
  eden space 249344K, 100% used [0x00000000e0000000,0x00000000ef380000,0x00000000ef380000)
  from space 75776K, 53% used [0x00000000ef380000,0x00000000f1ad06a8,0x00000000f3d80000)
  to   space 75776K, 0% used [0x00000000f6200000,0x00000000f6200000,0x00000000fac00000)
 ParOldGen       total 315392K, used 146037K [0x00000000a0000000, 0x00000000b3400000, 0x00000000e0000000)
  object space 315392K, 46% used [0x00000000a0000000,0x00000000a8e9d5f8,0x00000000b3400000)
 Metaspace       used 93067K, capacity 97202K, committed 97448K, reserved 1134592K
  class space    used 12171K, capacity 12945K, committed 12976K, reserved 1048576K
Event: 79.055 GC heap after
Heap after GC invocations=24 (full 4):
 PSYoungGen      total 357376K, used 54610K [0x00000000e0000000, 0x00000000fb980000, 0x0000000100000000)
  eden space 281600K, 0% used [0x00000000e0000000,0x00000000e0000000,0x00000000f1300000)
  from space 75776K, 72% used [0x00000000f6200000,0x00000000f9754880,0x00000000fac00000)
  to   space 80896K, 0% used [0x00000000f1300000,0x00000000f1300000,0x00000000f6200000)
 ParOldGen       total 315392K, used 146037K [0x00000000a0000000, 0x00000000b3400000, 0x00000000e0000000)
  object space 315392K, 46% used [0x00000000a0000000,0x00000000a8e9d5f8,0x00000000b3400000)
 Metaspace       used 93067K, capacity 97202K, committed 97448K, reserved 1134592K
  class space    used 12171K, capacity 12945K, committed 12976K, reserved 1048576K
}
Event: 81.919 GC heap before
{Heap before GC invocations=25 (full 4):
 PSYoungGen      total 357376K, used 336210K [0x00000000e0000000, 0x00000000fb980000, 0x0000000100000000)
  eden space 281600K, 100% used [0x00000000e0000000,0x00000000f1300000,0x00000000f1300000)
  from space 75776K, 72% used [0x00000000f6200000,0x00000000f9754880,0x00000000fac00000)
  to   space 80896K, 0% used [0x00000000f1300000,0x00000000f1300000,0x00000000f6200000)
 ParOldGen       total 315392K, used 146037K [0x00000000a0000000, 0x00000000b3400000, 0x00000000e0000000)
  object space 315392K, 46% used [0x00000000a0000000,0x00000000a8e9d5f8,0x00000000b3400000)
 Metaspace       used 93094K, capacity 97202K, committed 97448K, reserved 1134592K
  class space    used 12171K, capacity 12945K, committed 12976K, reserved 1048576K
Event: 82.205 GC heap after
Heap after GC invocations=25 (full 4):
 PSYoungGen      total 362496K, used 80881K [0x00000000e0000000, 0x0000000100000000, 0x0000000100000000)
  eden space 281600K, 0% used [0x00000000e0000000,0x00000000e0000000,0x00000000f1300000)
  from space 80896K, 99% used [0x00000000f1300000,0x00000000f61fc5c8,0x00000000f6200000)
  to   space 113152K, 0% used [0x00000000f9180000,0x00000000f9180000,0x0000000100000000)
 ParOldGen       total 315392K, used 196869K [0x00000000a0000000, 0x00000000b3400000, 0x00000000e0000000)
  object space 315392K, 62% used [0x00000000a0000000,0x00000000ac0416c8,0x00000000b3400000)
 Metaspace       used 93094K, capacity 97202K, committed 97448K, reserved 1134592K
  class space    used 12171K, capacity 12945K, committed 12976K, reserved 1048576K
}

